<?xml version="1.0" encoding="UTF-8"?>
<testng-results skipped="0" failed="0" ignored="0" total="2" passed="2">
  <reporter-output>
  </reporter-output>
  <suite name="TestNG Suite" duration-ms="45417" started-at="2017-10-08T11:03:19Z" finished-at="2017-10-08T11:04:05Z">
    <groups>
    </groups>
    <test name="Google Test" duration-ms="25101" started-at="2017-10-08T11:03:19Z" finished-at="2017-10-08T11:03:44Z">
      <class name="org.git.TC_02">
        <test-method status="PASS" signature="logic()[pri:0, instance:org.git.TC_02@e2abd]" name="logic" duration-ms="24810" started-at="2017-10-08T16:33:20Z" finished-at="2017-10-08T16:33:44Z">
          <reporter-output>
          </reporter-output>
        </test-method> <!-- logic -->
      </class> <!-- org.git.TC_02 -->
    </test> <!-- Google Test -->
    <test name="gmail Test" duration-ms="19939" started-at="2017-10-08T11:03:45Z" finished-at="2017-10-08T11:04:05Z">
      <class name="org.git.TC_01">
        <test-method status="PASS" signature="logic()[pri:0, instance:org.git.TC_01@1c7cbad]" name="logic" duration-ms="19894" started-at="2017-10-08T16:33:45Z" finished-at="2017-10-08T16:34:05Z">
          <reporter-output>
          </reporter-output>
        </test-method> <!-- logic -->
      </class> <!-- org.git.TC_01 -->
    </test> <!-- gmail Test -->
  </suite> <!-- TestNG Suite -->
</testng-results>
